

Microchip Technology PIC18 LITE Macro Assembler V1.40 build -251452761 
                                                                                               Sat Dec 31 01:34:00 2016

Microchip Technology Omniscient Code Generator v1.40 (Free mode) build 201612010151
     1                           	processor	18F4620
     2                           	fnconf	rparam,??,?,0
     3                           	opt	pw 120
     4                           	opt	lm
     5                           	psect	cinit,global,reloc=2,class=CODE,delta=1
     6                           	psect	cstackCOMRAM,global,class=COMRAM,space=1,delta=1,noexec
     7                           	psect	text0,global,reloc=2,class=CODE,delta=1
     8                           	psect	text1,global,reloc=2,class=CODE,delta=1
     9                           	psect	intsave_regs,global,class=BIGRAM,space=1,delta=1,noexec
    10                           	psect	rparam,global,class=COMRAM,space=1,delta=1,noexec
    11  0000                     
    12                           ; Version 1.40
    13                           ; Generated 01/12/2016 GMT
    14                           ; 
    15                           ; Copyright © 2016, Microchip Technology Inc. and its subsidiaries ("Microchip")
    16                           ; All rights reserved.
    17                           ; 
    18                           ; This software is developed by Microchip Technology Inc. and its subsidiaries ("Microch
      +                          ip").
    19                           ; 
    20                           ; Redistribution and use in source and binary forms, with or without modification, are
    21                           ; permitted provided that the following conditions are met:
    22                           ; 
    23                           ;     1. Redistributions of source code must retain the above copyright notice, this lis
      +                          t of
    24                           ;        conditions and the following disclaimer.
    25                           ; 
    26                           ;     2. Redistributions in binary form must reproduce the above copyright notice, this 
      +                          list
    27                           ;        of conditions and the following disclaimer in the documentation and/or other
    28                           ;        materials provided with the distribution.
    29                           ; 
    30                           ;     3. Microchip's name may not be used to endorse or promote products derived from th
      +                          is
    31                           ;        software without specific prior written permission.
    32                           ; 
    33                           ; THIS SOFTWARE IS PROVIDED BY MICROCHIP "AS IS" AND ANY EXPRESS OR IMPLIED WARRANTIES,
    34                           ; INCLUDING, BUT NOT LIMITED TO, THE IMPLIED WARRANTIES OF MERCHANTABILITY AND FITNESS F
      +                          OR
    35                           ; PURPOSE ARE DISCLAIMED.  IN NO EVENT SHALL MICROCHIP BE LIABLE FOR ANY DIRECT, INDIREC
      +                          T,
    36                           ; INCIDENTAL, SPECIAL, EXEMPLARY, OR CONSEQUENTIAL DAMAGES (INCLUDING BUT NOT LIMITED TO
    37                           ; PROCUREMENT OF SUBSTITUTE GOODS OR SERVICES; LOSS OF USE, DATA OR PROFITS; OR BUSINESS
    38                           ; INTERRUPTION) HOWSOEVER CAUSED AND ON ANY THEORY OF LIABILITY, WHETHER IN CONTRACT, ST
      +                          RICT
    39                           ; LIABILITY, OR TORT (INCLUDING NEGLIGENCE OR OTHERWISE) ARISING IN ANY WAY OUT OF THE U
      +                          SE OF
    40                           ; THIS SOFTWARE, EVEN IF ADVISED OF THE POSSIBILITY OF SUCH DAMAGE.
    41                           ; 
    42                           ; 
    43                           ; Code-generator required, PIC18F4620 Definitions
    44                           ; 
    45                           ; SFR Addresses
    46  0000                     _ADCON0	set	4034
    47  0000                     _ADCON1	set	4033
    48  0000                     _OSCCONbits	set	4051
    49  0000                     _PORTB	set	3969
    50  0000                     _TRISB	set	3987
    51                           
    52                           ; #config settings
    53  0000                     
    54                           	psect	cinit
    55  00FFA8                     __pcinit:
    56                           	opt stack 0
    57  00FFA8                     start_initialization:
    58                           	opt stack 0
    59  00FFA8                     __initialization:
    60                           	opt stack 0
    61  00FFA8                     end_of_initialization:
    62                           	opt stack 0
    63  00FFA8                     __end_of__initialization:
    64                           	opt stack 0
    65  00FFA8  0100               	movlb	0
    66  00FFAA  EFDC  F07F         	goto	_main	;jump to C main() function
    67                           
    68                           	psect	cstackCOMRAM
    69  000001                     __pcstackCOMRAM:
    70                           	opt stack 0
    71  000001                     ??_main:
    72  000001                     
    73                           ; 2 bytes @ 0x0
    74  000001                     	ds	2
    75                           
    76 ;;
    77 ;;Main: autosize = 0, tempsize = 2, incstack = 0, save=0
    78 ;;
    79 ;; *************** function _main *****************
    80 ;; Defined at:
    81 ;;		line 5 in file "SRC/Lab2-Solution.c"
    82 ;; Parameters:    Size  Location     Type
    83 ;;		None
    84 ;; Auto vars:     Size  Location     Type
    85 ;;		None
    86 ;; Return value:  Size  Location     Type
    87 ;;                  2   16[None  ] int 
    88 ;; Registers used:
    89 ;;		wreg, status,2, cstack
    90 ;; Tracked objects:
    91 ;;		On entry : 0/0
    92 ;;		On exit  : 0/0
    93 ;;		Unchanged: 0/0
    94 ;; Data sizes:     COMRAM   BANK0   BANK1   BANK2   BANK3   BANK4   BANK5   BANK6   BANK7   BANK8   BANK9  BANK10  BANK1
      +1  BANK12  BANK13  BANK14  BANK15
    95 ;;      Params:         0       0       0       0       0       0       0       0       0       0       0       0       
      +0       0       0       0       0
    96 ;;      Locals:         0       0       0       0       0       0       0       0       0       0       0       0       
      +0       0       0       0       0
    97 ;;      Temps:          2       0       0       0       0       0       0       0       0       0       0       0       
      +0       0       0       0       0
    98 ;;      Totals:         2       0       0       0       0       0       0       0       0       0       0       0       
      +0       0       0       0       0
    99 ;;Total ram usage:        2 bytes
   100 ;; Hardware stack levels required when called:    1
   101 ;; This function calls:
   102 ;;		_InitSystem
   103 ;; This function is called by:
   104 ;;		Startup code after reset
   105 ;; This function uses a non-reentrant model
   106 ;;
   107                           
   108                           	psect	text0
   109  00FFB8                     __ptext0:
   110                           	opt stack 0
   111  00FFB8                     _main:
   112                           	opt stack 30
   113                           
   114                           ;Lab2-Solution.c: 7: OSCCONbits.IRCF = 0b110;
   115                           
   116                           ;incstack = 0
   117  00FFB8  50D3               	movf	4051,w,c	;volatile
   118  00FFBA  0B8F               	andlw	-113
   119  00FFBC  0960               	iorlw	96
   120  00FFBE  6ED3               	movwf	4051,c	;volatile
   121                           
   122                           ;Lab2-Solution.c: 8: ADCON0 = 0x00;
   123  00FFC0  0E00               	movlw	0
   124  00FFC2  6EC2               	movwf	4034,c	;volatile
   125                           
   126                           ;Lab2-Solution.c: 9: ADCON1 = 0xFF;
   127  00FFC4  68C1               	setf	4033,c	;volatile
   128                           
   129                           ;Lab2-Solution.c: 10: InitSystem();
   130  00FFC6  ECD7  F07F         	call	_InitSystem	;wreg free
   131  00FFCA                     l629:
   132                           
   133                           ;Lab2-Solution.c: 12: {
   134                           ;Lab2-Solution.c: 13: PORTB=0x0F;
   135  00FFCA  0E0F               	movlw	15
   136  00FFCC  6E81               	movwf	3969,c	;volatile
   137                           
   138                           ;Lab2-Solution.c: 14: _delay((unsigned long)((500)*(4000000L/4000.0)));
   139  00FFCE  0E03               	movlw	3
   140  00FFD0  6E02               	movwf	(??_main+1)& (0+255),c
   141  00FFD2  0E8A               	movlw	138
   142  00FFD4  6E01               	movwf	??_main& (0+255),c
   143  00FFD6  0E56               	movlw	86
   144  00FFD8                     u17:
   145  00FFD8  2EE8               	decfsz	wreg,f,c
   146  00FFDA  D7FE               	bra	u17
   147  00FFDC  2E01               	decfsz	??_main& (0+255),f,c
   148  00FFDE  D7FC               	bra	u17
   149  00FFE0  2E02               	decfsz	(??_main+1)& (0+255),f,c
   150  00FFE2  D7FA               	bra	u17
   151                           
   152                           ;Lab2-Solution.c: 15: PORTB=0x00;
   153  00FFE4  0E00               	movlw	0
   154  00FFE6  6E81               	movwf	3969,c	;volatile
   155                           
   156                           ;Lab2-Solution.c: 16: _delay((unsigned long)((500)*(4000000L/4000.0)));
   157  00FFE8  0E03               	movlw	3
   158  00FFEA  6E02               	movwf	(??_main+1)& (0+255),c
   159  00FFEC  0E8A               	movlw	138
   160  00FFEE  6E01               	movwf	??_main& (0+255),c
   161  00FFF0  0E56               	movlw	86
   162  00FFF2                     u27:
   163  00FFF2  2EE8               	decfsz	wreg,f,c
   164  00FFF4  D7FE               	bra	u27
   165  00FFF6  2E01               	decfsz	??_main& (0+255),f,c
   166  00FFF8  D7FC               	bra	u27
   167  00FFFA  2E02               	decfsz	(??_main+1)& (0+255),f,c
   168  00FFFC  D7FA               	bra	u27
   169  00FFFE  D7E5               	goto	l629
   170  010000                     __end_of_main:
   171                           	opt stack 0
   172                           wreg	equ	0xFE8
   173                           
   174 ;; *************** function _InitSystem *****************
   175 ;; Defined at:
   176 ;;		line 19 in file "SRC/Lab2-Solution.c"
   177 ;; Parameters:    Size  Location     Type
   178 ;;		None
   179 ;; Auto vars:     Size  Location     Type
   180 ;;		None
   181 ;; Return value:  Size  Location     Type
   182 ;;                  1    wreg      void 
   183 ;; Registers used:
   184 ;;		wreg, status,2
   185 ;; Tracked objects:
   186 ;;		On entry : 0/0
   187 ;;		On exit  : 0/0
   188 ;;		Unchanged: 0/0
   189 ;; Data sizes:     COMRAM   BANK0   BANK1   BANK2   BANK3   BANK4   BANK5   BANK6   BANK7   BANK8   BANK9  BANK10  BANK1
      +1  BANK12  BANK13  BANK14  BANK15
   190 ;;      Params:         0       0       0       0       0       0       0       0       0       0       0       0       
      +0       0       0       0       0
   191 ;;      Locals:         0       0       0       0       0       0       0       0       0       0       0       0       
      +0       0       0       0       0
   192 ;;      Temps:          0       0       0       0       0       0       0       0       0       0       0       0       
      +0       0       0       0       0
   193 ;;      Totals:         0       0       0       0       0       0       0       0       0       0       0       0       
      +0       0       0       0       0
   194 ;;Total ram usage:        0 bytes
   195 ;; Hardware stack levels used:    1
   196 ;; This function calls:
   197 ;;		Nothing
   198 ;; This function is called by:
   199 ;;		_main
   200 ;; This function uses a non-reentrant model
   201 ;;
   202                           
   203                           	psect	text1
   204  00FFAE                     __ptext1:
   205                           	opt stack 0
   206  00FFAE                     _InitSystem:
   207                           	opt stack 30
   208                           
   209                           ;Lab2-Solution.c: 21: PORTB = 0x00;
   210                           
   211                           ;incstack = 0
   212  00FFAE  0E00               	movlw	0
   213  00FFB0  6E81               	movwf	3969,c	;volatile
   214                           
   215                           ;Lab2-Solution.c: 22: TRISB = 0xF0;
   216  00FFB2  0EF0               	movlw	240
   217  00FFB4  6E93               	movwf	3987,c	;volatile
   218  00FFB6  0012               	return		;funcret
   219  00FFB8                     __end_of_InitSystem:
   220                           	opt stack 0
   221  0000                     wreg	equ	0xFE8
   222                           wreg	equ	0xFE8
   223                           
   224                           	psect	rparam
   225  0000                     wreg	equ	0xFE8


Data Sizes:
    Strings     0
    Constant    0
    Data        0
    BSS         0
    Persistent  0
    Stack       0

Auto Spaces:
    Space          Size  Autos    Used
    COMRAM          127      2       2
    BANK0           128      0       0
    BANK1           256      0       0
    BANK2           256      0       0
    BANK3           256      0       0
    BANK4           256      0       0
    BANK5           256      0       0
    BANK6           256      0       0
    BANK7           256      0       0
    BANK8           256      0       0
    BANK9           256      0       0
    BANK10          256      0       0
    BANK11          256      0       0
    BANK12          256      0       0
    BANK13          256      0       0
    BANK14          256      0       0
    BANK15          128      0       0

Pointer List with Targets:

    None.

Critical Paths under _main in COMRAM

    None.

Critical Paths under _main in BANK0

    None.

Critical Paths under _main in BANK1

    None.

Critical Paths under _main in BANK2

    None.

Critical Paths under _main in BANK3

    None.

Critical Paths under _main in BANK4

    None.

Critical Paths under _main in BANK5

    None.

Critical Paths under _main in BANK6

    None.

Critical Paths under _main in BANK7

    None.

Critical Paths under _main in BANK8

    None.

Critical Paths under _main in BANK9

    None.

Critical Paths under _main in BANK10

    None.

Critical Paths under _main in BANK11

    None.

Critical Paths under _main in BANK12

    None.

Critical Paths under _main in BANK13

    None.

Critical Paths under _main in BANK14

    None.

Critical Paths under _main in BANK15

    None.

Call Graph Tables:

 ---------------------------------------------------------------------------------
 (Depth) Function   	        Calls       Base Space   Used Autos Params    Refs
 ---------------------------------------------------------------------------------
 (0) _main                                                 2     2      0       0
                                              0 COMRAM     2     2      0
                         _InitSystem
 ---------------------------------------------------------------------------------
 (1) _InitSystem                                           0     0      0       0
 ---------------------------------------------------------------------------------
 Estimated maximum stack depth 1
 ---------------------------------------------------------------------------------

 Call Graph Graphs:

 _main (ROOT)
   _InitSystem

 Address spaces:
Name               Size   Autos  Total    Cost      Usage
BITCOMRAM           7F      0       0       0        0.0%
EEDATA             400      0       0       0        0.0%
NULL                 0      0       0       0        0.0%
CODE                 0      0       0       0        0.0%
COMRAM              7F      2       2       1        1.6%
STACK                0      0       0       2        0.0%
DATA                 0      0       0       3        0.0%
BITBANK0            80      0       0       4        0.0%
BANK0               80      0       0       5        0.0%
BITBANK1           100      0       0       6        0.0%
BANK1              100      0       0       7        0.0%
BITBANK2           100      0       0       8        0.0%
BANK2              100      0       0       9        0.0%
BITBANK3           100      0       0      10        0.0%
BANK3              100      0       0      11        0.0%
BITBANK4           100      0       0      12        0.0%
BANK4              100      0       0      13        0.0%
BITBANK5           100      0       0      14        0.0%
BANK5              100      0       0      15        0.0%
BITBANK6           100      0       0      16        0.0%
BANK6              100      0       0      17        0.0%
BITBANK7           100      0       0      18        0.0%
BANK7              100      0       0      19        0.0%
BITBANK8           100      0       0      20        0.0%
BANK8              100      0       0      21        0.0%
BITBANK9           100      0       0      22        0.0%
BANK9              100      0       0      23        0.0%
BITBANK10          100      0       0      24        0.0%
BANK10             100      0       0      25        0.0%
BITBANK11          100      0       0      26        0.0%
BANK11             100      0       0      27        0.0%
BITBANK12          100      0       0      28        0.0%
BANK12             100      0       0      29        0.0%
BITBANK13          100      0       0      30        0.0%
BANK13             100      0       0      31        0.0%
BITBANK14          100      0       0      32        0.0%
BANK14             100      0       0      33        0.0%
ABS                  0      0       0      34        0.0%
BITBANK15           80      0       0      35        0.0%
BANK15              80      0       0      36        0.0%
BIGRAM             F7F      0       0      37        0.0%
BITSFR               0      0       0     200        0.0%
SFR                  0      0       0     200        0.0%


Microchip Technology PIC18 Macro Assembler V1.40 build -251452761 
Symbol Table                                                                                   Sat Dec 31 01:34:00 2016

                     u17 FFD8                       u27 FFF2              __CFG_BORV$3 000000  
           __CFG_CP0$OFF 000000             __CFG_CP1$OFF 000000             __CFG_CP2$OFF 000000  
           __CFG_CP3$OFF 000000              __CFG_WDT$ON 000000                      l629 FFCA  
           __CFG_CPB$OFF 000000             __CFG_CPD$OFF 000000                      wreg 000FE8  
           __CFG_LVP$OFF 000000                     _main FFB8                     start 0000  
          __CFG_IESO$OFF 000000            __CFG_MCLRE$ON 000000             ___param_bank 000000  
                  ?_main 0001                    _PORTB 000F81                    _TRISB 000F93  
          __CFG_PWRT$OFF 000000            __CFG_WRT0$OFF 000000            __CFG_WRT1$OFF 000000  
          __CFG_WRT2$OFF 000000            __CFG_WRT3$OFF 000000           __CFG_EBTR0$OFF 000000  
         __CFG_FCMEN$OFF 000000           __CFG_EBTR1$OFF 000000           __CFG_EBTR2$OFF 000000  
         __CFG_EBTR3$OFF 000000            __CFG_WRTB$OFF 000000            __CFG_WRTC$OFF 000000  
          __CFG_WRTD$OFF 000000           __CFG_EBTRB$OFF 000000           __CFG_PBADEN$ON 000000  
        __initialization FFA8             __end_of_main 0000               _InitSystem FFAE  
                 ??_main 0001            __activetblptr 000000                   _ADCON0 000FC2  
                 _ADCON1 000FC1           __CFG_XINST$OFF 000000           __CFG_STVREN$ON 000000  
             __accesstop 0080  __end_of__initialization FFA8            ___rparam_used 000001  
         __pcstackCOMRAM 0001              ?_InitSystem 0001      __size_of_InitSystem 000A  
                __Hparam 0000                  __Lparam 0000                  __pcinit FFA8  
                __ramtop 1000                  __ptext0 FFB8                  __ptext1 FFAE  
   end_of_initialization FFA8             ??_InitSystem 0001      start_initialization FFA8  
     __end_of_InitSystem FFB8         __CFG_OSC$INTIO67 000000         __CFG_LPT1OSC$OFF 000000  
      __CFG_CCP2MX$PORTC 000000         __CFG_WDTPS$32768 000000                 __Hrparam 0000  
               __Lrparam 0000       __CFG_BOREN$SBORDIS 000000            __size_of_main 0048  
             _OSCCONbits 000FD3  
