

Microchip Technology PIC Macro Assembler V1.32 build 58300 
                                                                                                           Wed Jul 23 16:38:18 2014


     1                           	processor	16F1937
     2                           	opt	pw 132
     3                           	psect	text0,local,class=CODE,delta=2
     4  007F                     
     5                           	psect	text0
     6  073E                     _incFunction:	
     7                           
     8                           ; Add two char numbers and return the result
     9  073E  0A09               	incf	9,w
    10  073F  0008               	return
    11  0740                     _decFunction:	
    12                           
    13                           ; Subtract two char numbers and return the result
    14  0740  0309               	decf	9,w
    15  0741  0008               	return


Microchip Technology PIC Macro Assembler V1.32 build 58300 
Symbol Table                                                                                               Wed Jul 23 16:38:18 2014

                            WREG 0009                      _decFunction 0740                      _incFunction 073E  
