

Microchip Technology PIC18 LITE Macro Assembler V1.40 build -251452761 
                                                                                               Sat Dec 31 00:56:52 2016

Microchip Technology Omniscient Code Generator v1.40 (Free mode) build 201612010151
     1                           	processor	18F4620
     2                           	fnconf	rparam,??,?,0
     3                           	opt	pw 120
     4                           	opt	lm
     5                           	psect	cinit,global,reloc=2,class=CODE,delta=1
     6                           	psect	cstackCOMRAM,global,class=COMRAM,space=1,delta=1,noexec
     7                           	psect	text0,global,reloc=2,class=CODE,delta=1
     8                           	psect	text1,global,reloc=2,class=CODE,delta=1
     9                           	psect	text2,global,reloc=2,class=CODE,delta=1
    10                           	psect	text3,global,reloc=2,class=CODE,delta=1
    11                           	psect	intcode,global,reloc=2,class=CODE,delta=1
    12                           	psect	intcode_body,global,reloc=2,class=CODE,delta=1
    13                           	psect	text5,global,reloc=2,class=CODE,delta=1
    14                           	psect	text6,global,reloc=2,class=CODE,delta=1
    15                           	psect	intsave_regs,global,class=BIGRAM,space=1,delta=1,noexec
    16                           	psect	rparam,global,class=COMRAM,space=1,delta=1,noexec
    17                           	psect	temp,global,ovrld,common,class=COMRAM,space=1,delta=1
    18  0000                     
    19                           ; Version 1.40
    20                           ; Generated 01/12/2016 GMT
    21                           ; 
    22                           ; Copyright © 2016, Microchip Technology Inc. and its subsidiaries ("Microchip")
    23                           ; All rights reserved.
    24                           ; 
    25                           ; This software is developed by Microchip Technology Inc. and its subsidiaries ("Microch
      +                          ip").
    26                           ; 
    27                           ; Redistribution and use in source and binary forms, with or without modification, are
    28                           ; permitted provided that the following conditions are met:
    29                           ; 
    30                           ;     1. Redistributions of source code must retain the above copyright notice, this lis
      +                          t of
    31                           ;        conditions and the following disclaimer.
    32                           ; 
    33                           ;     2. Redistributions in binary form must reproduce the above copyright notice, this 
      +                          list
    34                           ;        of conditions and the following disclaimer in the documentation and/or other
    35                           ;        materials provided with the distribution.
    36                           ; 
    37                           ;     3. Microchip's name may not be used to endorse or promote products derived from th
      +                          is
    38                           ;        software without specific prior written permission.
    39                           ; 
    40                           ; THIS SOFTWARE IS PROVIDED BY MICROCHIP "AS IS" AND ANY EXPRESS OR IMPLIED WARRANTIES,
    41                           ; INCLUDING, BUT NOT LIMITED TO, THE IMPLIED WARRANTIES OF MERCHANTABILITY AND FITNESS F
      +                          OR
    42                           ; PURPOSE ARE DISCLAIMED.  IN NO EVENT SHALL MICROCHIP BE LIABLE FOR ANY DIRECT, INDIREC
      +                          T,
    43                           ; INCIDENTAL, SPECIAL, EXEMPLARY, OR CONSEQUENTIAL DAMAGES (INCLUDING BUT NOT LIMITED TO
    44                           ; PROCUREMENT OF SUBSTITUTE GOODS OR SERVICES; LOSS OF USE, DATA OR PROFITS; OR BUSINESS
    45                           ; INTERRUPTION) HOWSOEVER CAUSED AND ON ANY THEORY OF LIABILITY, WHETHER IN CONTRACT, ST
      +                          RICT
    46                           ; LIABILITY, OR TORT (INCLUDING NEGLIGENCE OR OTHERWISE) ARISING IN ANY WAY OUT OF THE U
      +                          SE OF
    47                           ; THIS SOFTWARE, EVEN IF ADVISED OF THE POSSIBILITY OF SUCH DAMAGE.
    48                           ; 
    49                           ; 
    50                           ; Code-generator required, PIC18F4620 Definitions
    51                           ; 
    52                           ; SFR Addresses
    53  0000                     _TMR1	set	4046
    54  0000                     _INTCONbits	set	4082
    55  0000                     _LATB	set	3978
    56  0000                     _LATBbits	set	3978
    57  0000                     _OSCCON	set	4051
    58  0000                     _PIE1bits	set	3997
    59  0000                     _PIR1bits	set	3998
    60  0000                     _T1CON	set	4045
    61  0000                     _T1CONbits	set	4045
    62  0000                     _TMR1H	set	4047
    63  0000                     _TMR1L	set	4046
    64  0000                     _TRISB	set	3987
    65                           
    66                           ; #config settings
    67  0000                     
    68                           	psect	cinit
    69  0000F0                     __pcinit:
    70                           	opt stack 0
    71  0000F0                     start_initialization:
    72                           	opt stack 0
    73  0000F0                     __initialization:
    74                           	opt stack 0
    75  0000F0                     end_of_initialization:
    76                           	opt stack 0
    77  0000F0                     __end_of__initialization:
    78                           	opt stack 0
    79  0000F0  9015               	bcf	int$flags,0,c	;clear compiler interrupt flag (level 1)
    80  0000F2  9215               	bcf	int$flags,1,c	;clear compiler interrupt flag (level 2)
    81  0000F4  0100               	movlb	0
    82  0000F6  EF55  F000         	goto	_main	;jump to C main() function
    83                           
    84                           	psect	cstackCOMRAM
    85  000001                     __pcstackCOMRAM:
    86                           	opt stack 0
    87  000001                     TIMER1_ISR@CountCallBack:
    88                           	opt stack 0
    89                           
    90                           ; 2 bytes @ 0x0
    91  000001                     	ds	2
    92  000003                     ??_Interrupthandler:
    93                           
    94                           ; 1 bytes @ 0x2
    95  000003                     	ds	14
    96  000011                     TIMER1_initializer@TMR1Hvalue:
    97                           	opt stack 0
    98                           
    99                           ; 1 bytes @ 0x10
   100  000011                     	ds	1
   101  000012                     TIMER1_initializer@TMR1Lvalue:
   102                           	opt stack 0
   103                           
   104                           ; 1 bytes @ 0x11
   105  000012                     	ds	1
   106  000013                     TIMER1_initializer@T1INTvalue:
   107                           	opt stack 0
   108                           
   109                           ; 1 bytes @ 0x12
   110  000013                     	ds	1
   111  000014                     TIMER1_initializer@T1CONvalue:
   112                           	opt stack 0
   113                           
   114                           ; 1 bytes @ 0x13
   115  000014                     	ds	1
   116  000015                     
   117                           ; 1 bytes @ 0x14
   118 ;;
   119 ;;Main: autosize = 0, tempsize = 0, incstack = 0, save=0
   120 ;;
   121 ;; *************** function _main *****************
   122 ;; Defined at:
   123 ;;		line 11 in file "SRC/Lab5-Solution.c"
   124 ;; Parameters:    Size  Location     Type
   125 ;;		None
   126 ;; Auto vars:     Size  Location     Type
   127 ;;		None
   128 ;; Return value:  Size  Location     Type
   129 ;;                  1    wreg      void 
   130 ;; Registers used:
   131 ;;		wreg, status,2, cstack
   132 ;; Tracked objects:
   133 ;;		On entry : 0/0
   134 ;;		On exit  : 0/0
   135 ;;		Unchanged: 0/0
   136 ;; Data sizes:     COMRAM   BANK0   BANK1   BANK2   BANK3   BANK4   BANK5   BANK6   BANK7   BANK8   BANK9  BANK10  BANK1
      +1  BANK12  BANK13  BANK14  BANK15
   137 ;;      Params:         0       0       0       0       0       0       0       0       0       0       0       0       
      +0       0       0       0       0
   138 ;;      Locals:         0       0       0       0       0       0       0       0       0       0       0       0       
      +0       0       0       0       0
   139 ;;      Temps:          0       0       0       0       0       0       0       0       0       0       0       0       
      +0       0       0       0       0
   140 ;;      Totals:         0       0       0       0       0       0       0       0       0       0       0       0       
      +0       0       0       0       0
   141 ;;Total ram usage:        0 bytes
   142 ;; Hardware stack levels required when called:    4
   143 ;; This function calls:
   144 ;;		_InitSystem
   145 ;;		_TIMER1_StartTimer
   146 ;;		_TIMER1_initializer
   147 ;; This function is called by:
   148 ;;		Startup code after reset
   149 ;; This function uses a non-reentrant model
   150 ;;
   151                           
   152                           	psect	text0
   153  0000AA                     __ptext0:
   154                           	opt stack 0
   155  0000AA                     _main:
   156                           	opt stack 27
   157                           
   158                           ;Lab5-Solution.c: 14: InitSystem();
   159                           
   160                           ;incstack = 0
   161  0000AA  EC71  F000         	call	_InitSystem	;wreg free
   162                           
   163                           ;Lab5-Solution.c: 15: TIMER1_initializer (0x34,0x00,0x00,1);
   164  0000AE  0E00               	movlw	0
   165  0000B0  6E11               	movwf	TIMER1_initializer@TMR1Hvalue,c
   166  0000B2  0E00               	movlw	0
   167  0000B4  6E12               	movwf	TIMER1_initializer@TMR1Lvalue,c
   168  0000B6  0E01               	movlw	1
   169  0000B8  6E13               	movwf	TIMER1_initializer@T1INTvalue,c
   170  0000BA  0E34               	movlw	52
   171  0000BC  EC46  F000         	call	_TIMER1_initializer
   172                           
   173                           ;Lab5-Solution.c: 16: TIMER1_StartTimer();
   174  0000C0  EC7D  F000         	call	_TIMER1_StartTimer	;wreg free
   175  0000C4                     l17:
   176  0000C4  D7FF               	goto	l17
   177  0000C6                     __end_of_main:
   178                           	opt stack 0
   179                           
   180 ;; *************** function _TIMER1_initializer *****************
   181 ;; Defined at:
   182 ;;		line 13 in file "SRC/timer1.c"
   183 ;; Parameters:    Size  Location     Type
   184 ;;  T1CONvalue      1    wreg     unsigned char 
   185 ;;  TMR1Hvalue      1   16[COMRAM] unsigned char 
   186 ;;  TMR1Lvalue      1   17[COMRAM] unsigned char 
   187 ;;  T1INTvalue      1   18[COMRAM] unsigned char 
   188 ;; Auto vars:     Size  Location     Type
   189 ;;  T1CONvalue      1   19[COMRAM] unsigned char 
   190 ;; Return value:  Size  Location     Type
   191 ;;                  1    wreg      void 
   192 ;; Registers used:
   193 ;;		wreg, status,2
   194 ;; Tracked objects:
   195 ;;		On entry : 0/0
   196 ;;		On exit  : 0/0
   197 ;;		Unchanged: 0/0
   198 ;; Data sizes:     COMRAM   BANK0   BANK1   BANK2   BANK3   BANK4   BANK5   BANK6   BANK7   BANK8   BANK9  BANK10  BANK1
      +1  BANK12  BANK13  BANK14  BANK15
   199 ;;      Params:         3       0       0       0       0       0       0       0       0       0       0       0       
      +0       0       0       0       0
   200 ;;      Locals:         1       0       0       0       0       0       0       0       0       0       0       0       
      +0       0       0       0       0
   201 ;;      Temps:          0       0       0       0       0       0       0       0       0       0       0       0       
      +0       0       0       0       0
   202 ;;      Totals:         4       0       0       0       0       0       0       0       0       0       0       0       
      +0       0       0       0       0
   203 ;;Total ram usage:        4 bytes
   204 ;; Hardware stack levels used:    1
   205 ;; Hardware stack levels required when called:    3
   206 ;; This function calls:
   207 ;;		Nothing
   208 ;; This function is called by:
   209 ;;		_main
   210 ;; This function uses a non-reentrant model
   211 ;;
   212                           
   213                           	psect	text1
   214  00008C                     __ptext1:
   215                           	opt stack 0
   216  00008C                     _TIMER1_initializer:
   217                           	opt stack 27
   218                           
   219                           ;incstack = 0
   220                           ;TIMER1_initializer@T1CONvalue stored from wreg
   221  00008C  6E14               	movwf	TIMER1_initializer@T1CONvalue,c
   222                           
   223                           ;timer1.c: 17: T1CON = T1CONvalue;
   224  00008E  C014  FFCD         	movff	TIMER1_initializer@T1CONvalue,4045	;volatile
   225                           
   226                           ;timer1.c: 21: TMR1H = TMR1Hvalue;
   227  000092  C011  FFCF         	movff	TIMER1_initializer@TMR1Hvalue,4047	;volatile
   228                           
   229                           ;timer1.c: 25: TMR1L = TMR1Lvalue;
   230  000096  C012  FFCE         	movff	TIMER1_initializer@TMR1Lvalue,4046	;volatile
   231                           
   232                           ;timer1.c: 28: PIR1bits.TMR1IF = 0;
   233  00009A  909E               	bcf	3998,0,c	;volatile
   234                           
   235                           ;timer1.c: 31: if (T1INTvalue)
   236  00009C  5013               	movf	TIMER1_initializer@T1INTvalue,w,c
   237  00009E  B4D8               	btfsc	status,2,c
   238  0000A0  0012               	return	
   239                           
   240                           ;timer1.c: 32: {
   241                           ;timer1.c: 33: PIE1bits.TMR1IE = 1;
   242  0000A2  809D               	bsf	3997,0,c	;volatile
   243                           
   244                           ;timer1.c: 34: (INTCONbits.PEIE = 1);
   245  0000A4  8CF2               	bsf	intcon,6,c	;volatile
   246                           
   247                           ;timer1.c: 35: (INTCONbits.GIE = 1);
   248  0000A6  8EF2               	bsf	intcon,7,c	;volatile
   249  0000A8  0012               	return	
   250  0000AA                     __end_of_TIMER1_initializer:
   251                           	opt stack 0
   252                           intcon	equ	0xFF2
   253                           status	equ	0xFD8
   254                           
   255 ;; *************** function _TIMER1_StartTimer *****************
   256 ;; Defined at:
   257 ;;		line 46 in file "SRC/timer1.c"
   258 ;; Parameters:    Size  Location     Type
   259 ;;		None
   260 ;; Auto vars:     Size  Location     Type
   261 ;;		None
   262 ;; Return value:  Size  Location     Type
   263 ;;                  1    wreg      void 
   264 ;; Registers used:
   265 ;;		None
   266 ;; Tracked objects:
   267 ;;		On entry : 0/0
   268 ;;		On exit  : 0/0
   269 ;;		Unchanged: 0/0
   270 ;; Data sizes:     COMRAM   BANK0   BANK1   BANK2   BANK3   BANK4   BANK5   BANK6   BANK7   BANK8   BANK9  BANK10  BANK1
      +1  BANK12  BANK13  BANK14  BANK15
   271 ;;      Params:         0       0       0       0       0       0       0       0       0       0       0       0       
      +0       0       0       0       0
   272 ;;      Locals:         0       0       0       0       0       0       0       0       0       0       0       0       
      +0       0       0       0       0
   273 ;;      Temps:          0       0       0       0       0       0       0       0       0       0       0       0       
      +0       0       0       0       0
   274 ;;      Totals:         0       0       0       0       0       0       0       0       0       0       0       0       
      +0       0       0       0       0
   275 ;;Total ram usage:        0 bytes
   276 ;; Hardware stack levels used:    1
   277 ;; Hardware stack levels required when called:    3
   278 ;; This function calls:
   279 ;;		Nothing
   280 ;; This function is called by:
   281 ;;		_main
   282 ;; This function uses a non-reentrant model
   283 ;;
   284                           
   285                           	psect	text2
   286  0000FA                     __ptext2:
   287                           	opt stack 0
   288  0000FA                     _TIMER1_StartTimer:
   289                           	opt stack 27
   290                           
   291                           ;timer1.c: 49: T1CONbits.TMR1ON=1;
   292                           
   293                           ;incstack = 0
   294  0000FA  80CD               	bsf	4045,0,c	;volatile
   295  0000FC  0012               	return		;funcret
   296  0000FE                     __end_of_TIMER1_StartTimer:
   297                           	opt stack 0
   298                           intcon	equ	0xFF2
   299                           status	equ	0xFD8
   300                           
   301 ;; *************** function _InitSystem *****************
   302 ;; Defined at:
   303 ;;		line 29 in file "SRC/Lab5-Solution.c"
   304 ;; Parameters:    Size  Location     Type
   305 ;;		None
   306 ;; Auto vars:     Size  Location     Type
   307 ;;		None
   308 ;; Return value:  Size  Location     Type
   309 ;;                  1    wreg      void 
   310 ;; Registers used:
   311 ;;		wreg, status,2
   312 ;; Tracked objects:
   313 ;;		On entry : 0/0
   314 ;;		On exit  : 0/0
   315 ;;		Unchanged: 0/0
   316 ;; Data sizes:     COMRAM   BANK0   BANK1   BANK2   BANK3   BANK4   BANK5   BANK6   BANK7   BANK8   BANK9  BANK10  BANK1
      +1  BANK12  BANK13  BANK14  BANK15
   317 ;;      Params:         0       0       0       0       0       0       0       0       0       0       0       0       
      +0       0       0       0       0
   318 ;;      Locals:         0       0       0       0       0       0       0       0       0       0       0       0       
      +0       0       0       0       0
   319 ;;      Temps:          0       0       0       0       0       0       0       0       0       0       0       0       
      +0       0       0       0       0
   320 ;;      Totals:         0       0       0       0       0       0       0       0       0       0       0       0       
      +0       0       0       0       0
   321 ;;Total ram usage:        0 bytes
   322 ;; Hardware stack levels used:    1
   323 ;; Hardware stack levels required when called:    3
   324 ;; This function calls:
   325 ;;		Nothing
   326 ;; This function is called by:
   327 ;;		_main
   328 ;; This function uses a non-reentrant model
   329 ;;
   330                           
   331                           	psect	text3
   332  0000E2                     __ptext3:
   333                           	opt stack 0
   334  0000E2                     _InitSystem:
   335                           	opt stack 27
   336                           
   337                           ;Lab5-Solution.c: 31: OSCCON = 0x6B;
   338                           
   339                           ;incstack = 0
   340  0000E2  0E6B               	movlw	107
   341  0000E4  6ED3               	movwf	4051,c	;volatile
   342                           
   343                           ;Lab5-Solution.c: 32: TRISB = 0xF0;
   344  0000E6  0EF0               	movlw	240
   345  0000E8  6E93               	movwf	3987,c	;volatile
   346                           
   347                           ;Lab5-Solution.c: 33: LATB = 0x00;
   348  0000EA  0E00               	movlw	0
   349  0000EC  6E8A               	movwf	3978,c	;volatile
   350  0000EE  0012               	return		;funcret
   351  0000F0                     __end_of_InitSystem:
   352                           	opt stack 0
   353                           intcon	equ	0xFF2
   354                           status	equ	0xFD8
   355                           
   356 ;; *************** function _Interrupthandler *****************
   357 ;; Defined at:
   358 ;;		line 45 in file "SRC/Lab5-Solution.c"
   359 ;; Parameters:    Size  Location     Type
   360 ;;		None
   361 ;; Auto vars:     Size  Location     Type
   362 ;;		None
   363 ;; Return value:  Size  Location     Type
   364 ;;                  1    wreg      void 
   365 ;; Registers used:
   366 ;;		wreg, status,2, status,0, cstack
   367 ;; Tracked objects:
   368 ;;		On entry : 0/0
   369 ;;		On exit  : 0/0
   370 ;;		Unchanged: 0/0
   371 ;; Data sizes:     COMRAM   BANK0   BANK1   BANK2   BANK3   BANK4   BANK5   BANK6   BANK7   BANK8   BANK9  BANK10  BANK1
      +1  BANK12  BANK13  BANK14  BANK15
   372 ;;      Params:         0       0       0       0       0       0       0       0       0       0       0       0       
      +0       0       0       0       0
   373 ;;      Locals:         0       0       0       0       0       0       0       0       0       0       0       0       
      +0       0       0       0       0
   374 ;;      Temps:         14       0       0       0       0       0       0       0       0       0       0       0       
      +0       0       0       0       0
   375 ;;      Totals:        14       0       0       0       0       0       0       0       0       0       0       0       
      +0       0       0       0       0
   376 ;;Total ram usage:       14 bytes
   377 ;; Hardware stack levels used:    1
   378 ;; Hardware stack levels required when called:    2
   379 ;; This function calls:
   380 ;;		_TIMER1_ISR
   381 ;; This function is called by:
   382 ;;		Interrupt level 2
   383 ;; This function uses a non-reentrant model
   384 ;;
   385                           
   386                           	psect	intcode
   387  000008                     __pintcode:
   388                           	opt stack 0
   389  000008                     _Interrupthandler:
   390                           	opt stack 27
   391                           
   392                           ;incstack = 0
   393  000008  8215               	bsf	btemp,1,c	;set compiler interrupt flag (level 2)
   394  00000A  ED09  F000         	call	int_func,f	;refresh shadow registers
   395                           intcon	equ	0xFF2
   396                           status	equ	0xFD8
   397                           
   398                           	psect	intcode_body
   399  000012                     __pintcode_body:
   400                           	opt stack 27
   401  000012                     int_func:
   402                           	opt stack 27
   403  000012  0006               	pop		; remove dummy address from shadow register refresh
   404  000014  CFFA F003          	movff	pclath,??_Interrupthandler
   405  000018  CFFB F004          	movff	pclatu,??_Interrupthandler+1
   406  00001C  CFE9 F005          	movff	fsr0l,??_Interrupthandler+2
   407  000020  CFEA F006          	movff	fsr0h,??_Interrupthandler+3
   408  000024  CFE1 F007          	movff	fsr1l,??_Interrupthandler+4
   409  000028  CFE2 F008          	movff	fsr1h,??_Interrupthandler+5
   410  00002C  CFD9 F009          	movff	fsr2l,??_Interrupthandler+6
   411  000030  CFDA F00A          	movff	fsr2h,??_Interrupthandler+7
   412  000034  CFF3 F00B          	movff	prodl,??_Interrupthandler+8
   413  000038  CFF4 F00C          	movff	prodh,??_Interrupthandler+9
   414  00003C  CFF6 F00D          	movff	tblptrl,??_Interrupthandler+10
   415  000040  CFF7 F00E          	movff	tblptrh,??_Interrupthandler+11
   416  000044  CFF8 F00F          	movff	tblptru,??_Interrupthandler+12
   417  000048  CFF5 F010          	movff	tablat,??_Interrupthandler+13
   418                           
   419                           ;Lab5-Solution.c: 48: TIMER1_ISR();
   420  00004C  EC63  F000         	call	_TIMER1_ISR	;wreg free
   421  000050  C010  FFF5         	movff	??_Interrupthandler+13,tablat
   422  000054  C00F  FFF8         	movff	??_Interrupthandler+12,tblptru
   423  000058  C00E  FFF7         	movff	??_Interrupthandler+11,tblptrh
   424  00005C  C00D  FFF6         	movff	??_Interrupthandler+10,tblptrl
   425  000060  C00C  FFF4         	movff	??_Interrupthandler+9,prodh
   426  000064  C00B  FFF3         	movff	??_Interrupthandler+8,prodl
   427  000068  C00A  FFDA         	movff	??_Interrupthandler+7,fsr2h
   428  00006C  C009  FFD9         	movff	??_Interrupthandler+6,fsr2l
   429  000070  C008  FFE2         	movff	??_Interrupthandler+5,fsr1h
   430  000074  C007  FFE1         	movff	??_Interrupthandler+4,fsr1l
   431  000078  C006  FFEA         	movff	??_Interrupthandler+3,fsr0h
   432  00007C  C005  FFE9         	movff	??_Interrupthandler+2,fsr0l
   433  000080  C004  FFFB         	movff	??_Interrupthandler+1,pclatu
   434  000084  C003  FFFA         	movff	??_Interrupthandler,pclath
   435  000088  9215               	bcf	btemp,1,c	;clear compiler interrupt flag (level 2)
   436  00008A  0011               	retfie		f
   437  00008C                     __end_of_Interrupthandler:
   438                           	opt stack 0
   439                           pclatu	equ	0xFFB
   440                           pclath	equ	0xFFA
   441                           tblptru	equ	0xFF8
   442                           tblptrh	equ	0xFF7
   443                           tblptrl	equ	0xFF6
   444                           tablat	equ	0xFF5
   445                           prodh	equ	0xFF4
   446                           prodl	equ	0xFF3
   447                           intcon	equ	0xFF2
   448                           fsr0h	equ	0xFEA
   449                           fsr0l	equ	0xFE9
   450                           fsr1h	equ	0xFE2
   451                           fsr1l	equ	0xFE1
   452                           fsr2h	equ	0xFDA
   453                           fsr2l	equ	0xFD9
   454                           status	equ	0xFD8
   455                           
   456 ;; *************** function _TIMER1_ISR *****************
   457 ;; Defined at:
   458 ;;		line 130 in file "SRC/timer1.c"
   459 ;; Parameters:    Size  Location     Type
   460 ;;		None
   461 ;; Auto vars:     Size  Location     Type
   462 ;;  CountCallBac    2    0[COMRAM] volatile unsigned int 
   463 ;; Return value:  Size  Location     Type
   464 ;;                  1    wreg      void 
   465 ;; Registers used:
   466 ;;		wreg, status,2, status,0, cstack
   467 ;; Tracked objects:
   468 ;;		On entry : 0/0
   469 ;;		On exit  : 0/0
   470 ;;		Unchanged: 0/0
   471 ;; Data sizes:     COMRAM   BANK0   BANK1   BANK2   BANK3   BANK4   BANK5   BANK6   BANK7   BANK8   BANK9  BANK10  BANK1
      +1  BANK12  BANK13  BANK14  BANK15
   472 ;;      Params:         0       0       0       0       0       0       0       0       0       0       0       0       
      +0       0       0       0       0
   473 ;;      Locals:         2       0       0       0       0       0       0       0       0       0       0       0       
      +0       0       0       0       0
   474 ;;      Temps:          0       0       0       0       0       0       0       0       0       0       0       0       
      +0       0       0       0       0
   475 ;;      Totals:         2       0       0       0       0       0       0       0       0       0       0       0       
      +0       0       0       0       0
   476 ;;Total ram usage:        2 bytes
   477 ;; Hardware stack levels used:    1
   478 ;; Hardware stack levels required when called:    1
   479 ;; This function calls:
   480 ;;		_TIMER1_CallBack
   481 ;; This function is called by:
   482 ;;		_Interrupthandler
   483 ;; This function uses a non-reentrant model
   484 ;;
   485                           
   486                           	psect	text5
   487  0000C6                     __ptext5:
   488                           	opt stack 0
   489  0000C6                     _TIMER1_ISR:
   490                           	opt stack 27
   491                           
   492                           ;timer1.c: 132: if(PIR1bits.TMR1IF)
   493                           
   494                           ;incstack = 0
   495  0000C6  A09E               	btfss	3998,0,c	;volatile
   496  0000C8  0012               	return	
   497                           
   498                           ;timer1.c: 133: {
   499                           ;timer1.c: 134: volatile unsigned int CountCallBack = 0;
   500  0000CA  0E00               	movlw	0
   501  0000CC  6E02               	movwf	TIMER1_ISR@CountCallBack+1,c	;volatile
   502  0000CE  0E00               	movlw	0
   503  0000D0  6E01               	movwf	TIMER1_ISR@CountCallBack,c	;volatile
   504                           
   505                           ;timer1.c: 136: {
   506                           ;timer1.c: 138: TIMER1_CallBack();
   507  0000D2  EC7F  F000         	call	_TIMER1_CallBack	;wreg free
   508                           
   509                           ;timer1.c: 141: CountCallBack = 0;
   510  0000D6  0E00               	movlw	0
   511  0000D8  6E02               	movwf	TIMER1_ISR@CountCallBack+1,c	;volatile
   512  0000DA  0E00               	movlw	0
   513  0000DC  6E01               	movwf	TIMER1_ISR@CountCallBack,c	;volatile
   514                           
   515                           ;timer1.c: 142: }
   516                           ;timer1.c: 145: PIR1bits.TMR1IF = 0;
   517  0000DE  909E               	bcf	3998,0,c	;volatile
   518  0000E0  0012               	return	
   519  0000E2                     __end_of_TIMER1_ISR:
   520                           	opt stack 0
   521                           pclatu	equ	0xFFB
   522                           pclath	equ	0xFFA
   523                           tblptru	equ	0xFF8
   524                           tblptrh	equ	0xFF7
   525                           tblptrl	equ	0xFF6
   526                           tablat	equ	0xFF5
   527                           prodh	equ	0xFF4
   528                           prodl	equ	0xFF3
   529                           intcon	equ	0xFF2
   530                           fsr0h	equ	0xFEA
   531                           fsr0l	equ	0xFE9
   532                           fsr1h	equ	0xFE2
   533                           fsr1l	equ	0xFE1
   534                           fsr2h	equ	0xFDA
   535                           fsr2l	equ	0xFD9
   536                           status	equ	0xFD8
   537                           
   538 ;; *************** function _TIMER1_CallBack *****************
   539 ;; Defined at:
   540 ;;		line 158 in file "SRC/timer1.c"
   541 ;; Parameters:    Size  Location     Type
   542 ;;		None
   543 ;; Auto vars:     Size  Location     Type
   544 ;;		None
   545 ;; Return value:  Size  Location     Type
   546 ;;                  1    wreg      void 
   547 ;; Registers used:
   548 ;;		wreg, status,2, status,0
   549 ;; Tracked objects:
   550 ;;		On entry : 0/0
   551 ;;		On exit  : 0/0
   552 ;;		Unchanged: 0/0
   553 ;; Data sizes:     COMRAM   BANK0   BANK1   BANK2   BANK3   BANK4   BANK5   BANK6   BANK7   BANK8   BANK9  BANK10  BANK1
      +1  BANK12  BANK13  BANK14  BANK15
   554 ;;      Params:         0       0       0       0       0       0       0       0       0       0       0       0       
      +0       0       0       0       0
   555 ;;      Locals:         0       0       0       0       0       0       0       0       0       0       0       0       
      +0       0       0       0       0
   556 ;;      Temps:          0       0       0       0       0       0       0       0       0       0       0       0       
      +0       0       0       0       0
   557 ;;      Totals:         0       0       0       0       0       0       0       0       0       0       0       0       
      +0       0       0       0       0
   558 ;;Total ram usage:        0 bytes
   559 ;; Hardware stack levels used:    1
   560 ;; This function calls:
   561 ;;		Nothing
   562 ;; This function is called by:
   563 ;;		_TIMER1_ISR
   564 ;; This function uses a non-reentrant model
   565 ;;
   566                           
   567                           	psect	text6
   568  0000FE                     __ptext6:
   569                           	opt stack 0
   570  0000FE                     _TIMER1_CallBack:
   571                           	opt stack 27
   572                           
   573                           ;timer1.c: 160: LATBbits.LATB0 ^= 1;
   574                           
   575                           ;incstack = 0
   576  0000FE  708A               	btg	3978,0,c	;volatile
   577  000100  0012               	return		;funcret
   578  000102                     __end_of_TIMER1_CallBack:
   579                           	opt stack 0
   580  0000                     pclatu	equ	0xFFB
   581                           pclath	equ	0xFFA
   582                           tblptru	equ	0xFF8
   583                           tblptrh	equ	0xFF7
   584                           tblptrl	equ	0xFF6
   585                           tablat	equ	0xFF5
   586                           prodh	equ	0xFF4
   587                           prodl	equ	0xFF3
   588                           intcon	equ	0xFF2
   589                           fsr0h	equ	0xFEA
   590                           fsr0l	equ	0xFE9
   591                           fsr1h	equ	0xFE2
   592                           fsr1l	equ	0xFE1
   593                           fsr2h	equ	0xFDA
   594                           fsr2l	equ	0xFD9
   595                           status	equ	0xFD8
   596                           pclatu	equ	0xFFB
   597                           pclath	equ	0xFFA
   598                           tblptru	equ	0xFF8
   599                           tblptrh	equ	0xFF7
   600                           tblptrl	equ	0xFF6
   601                           tablat	equ	0xFF5
   602                           prodh	equ	0xFF4
   603                           prodl	equ	0xFF3
   604                           intcon	equ	0xFF2
   605                           fsr0h	equ	0xFEA
   606                           fsr0l	equ	0xFE9
   607                           fsr1h	equ	0xFE2
   608                           fsr1l	equ	0xFE1
   609                           fsr2h	equ	0xFDA
   610                           fsr2l	equ	0xFD9
   611                           status	equ	0xFD8
   612                           
   613                           	psect	rparam
   614  0000                     pclatu	equ	0xFFB
   615                           pclath	equ	0xFFA
   616                           tblptru	equ	0xFF8
   617                           tblptrh	equ	0xFF7
   618                           tblptrl	equ	0xFF6
   619                           tablat	equ	0xFF5
   620                           prodh	equ	0xFF4
   621                           prodl	equ	0xFF3
   622                           intcon	equ	0xFF2
   623                           fsr0h	equ	0xFEA
   624                           fsr0l	equ	0xFE9
   625                           fsr1h	equ	0xFE2
   626                           fsr1l	equ	0xFE1
   627                           fsr2h	equ	0xFDA
   628                           fsr2l	equ	0xFD9
   629                           status	equ	0xFD8
   630                           
   631                           	psect	temp
   632  000015                     btemp:
   633                           	opt stack 0
   634  000015                     	ds	1
   635  0000                     int$flags	set	btemp
   636                           pclatu	equ	0xFFB
   637                           pclath	equ	0xFFA
   638                           tblptru	equ	0xFF8
   639                           tblptrh	equ	0xFF7
   640                           tblptrl	equ	0xFF6
   641                           tablat	equ	0xFF5
   642                           prodh	equ	0xFF4
   643                           prodl	equ	0xFF3
   644                           intcon	equ	0xFF2
   645                           fsr0h	equ	0xFEA
   646                           fsr0l	equ	0xFE9
   647                           fsr1h	equ	0xFE2
   648                           fsr1l	equ	0xFE1
   649                           fsr2h	equ	0xFDA
   650                           fsr2l	equ	0xFD9
   651                           status	equ	0xFD8


Data Sizes:
    Strings     0
    Constant    0
    Data        0
    BSS         0
    Persistent  0
    Stack       0

Auto Spaces:
    Space          Size  Autos    Used
    COMRAM          126     20      20
    BANK0           128      0       0
    BANK1           256      0       0
    BANK2           256      0       0
    BANK3           256      0       0
    BANK4           256      0       0
    BANK5           256      0       0
    BANK6           256      0       0
    BANK7           256      0       0
    BANK8           256      0       0
    BANK9           256      0       0
    BANK10          256      0       0
    BANK11          256      0       0
    BANK12          256      0       0
    BANK13          256      0       0
    BANK14          256      0       0
    BANK15          128      0       0

Pointer List with Targets:

    None.

Critical Paths under _main in COMRAM

    _main->_TIMER1_initializer

Critical Paths under _Interrupthandler in COMRAM

    _Interrupthandler->_TIMER1_ISR

Critical Paths under _main in BANK0

    None.

Critical Paths under _Interrupthandler in BANK0

    None.

Critical Paths under _main in BANK1

    None.

Critical Paths under _Interrupthandler in BANK1

    None.

Critical Paths under _main in BANK2

    None.

Critical Paths under _Interrupthandler in BANK2

    None.

Critical Paths under _main in BANK3

    None.

Critical Paths under _Interrupthandler in BANK3

    None.

Critical Paths under _main in BANK4

    None.

Critical Paths under _Interrupthandler in BANK4

    None.

Critical Paths under _main in BANK5

    None.

Critical Paths under _Interrupthandler in BANK5

    None.

Critical Paths under _main in BANK6

    None.

Critical Paths under _Interrupthandler in BANK6

    None.

Critical Paths under _main in BANK7

    None.

Critical Paths under _Interrupthandler in BANK7

    None.

Critical Paths under _main in BANK8

    None.

Critical Paths under _Interrupthandler in BANK8

    None.

Critical Paths under _main in BANK9

    None.

Critical Paths under _Interrupthandler in BANK9

    None.

Critical Paths under _main in BANK10

    None.

Critical Paths under _Interrupthandler in BANK10

    None.

Critical Paths under _main in BANK11

    None.

Critical Paths under _Interrupthandler in BANK11

    None.

Critical Paths under _main in BANK12

    None.

Critical Paths under _Interrupthandler in BANK12

    None.

Critical Paths under _main in BANK13

    None.

Critical Paths under _Interrupthandler in BANK13

    None.

Critical Paths under _main in BANK14

    None.

Critical Paths under _Interrupthandler in BANK14

    None.

Critical Paths under _main in BANK15

    None.

Critical Paths under _Interrupthandler in BANK15

    None.

Call Graph Tables:

 ---------------------------------------------------------------------------------
 (Depth) Function   	        Calls       Base Space   Used Autos Params    Refs
 ---------------------------------------------------------------------------------
 (0) _main                                                 0     0      0     217
                         _InitSystem
                  _TIMER1_StartTimer
                 _TIMER1_initializer
 ---------------------------------------------------------------------------------
 (1) _TIMER1_initializer                                   4     1      3     217
                                             16 COMRAM     4     1      3
 ---------------------------------------------------------------------------------
 (1) _TIMER1_StartTimer                                    0     0      0       0
 ---------------------------------------------------------------------------------
 (1) _InitSystem                                           0     0      0       0
 ---------------------------------------------------------------------------------
 Estimated maximum stack depth 1
 ---------------------------------------------------------------------------------
 (Depth) Function   	        Calls       Base Space   Used Autos Params    Refs
 ---------------------------------------------------------------------------------
 (2) _Interrupthandler                                    14    14      0       0
                                              2 COMRAM    14    14      0
                         _TIMER1_ISR
 ---------------------------------------------------------------------------------
 (3) _TIMER1_ISR                                           2     2      0       0
                                              0 COMRAM     2     2      0
                    _TIMER1_CallBack
 ---------------------------------------------------------------------------------
 (4) _TIMER1_CallBack                                      0     0      0       0
 ---------------------------------------------------------------------------------
 Estimated maximum stack depth 4
 ---------------------------------------------------------------------------------

 Call Graph Graphs:

 _main (ROOT)
   _InitSystem
   _TIMER1_StartTimer
   _TIMER1_initializer

 _Interrupthandler (ROOT)
   _TIMER1_ISR
     _TIMER1_CallBack

 Address spaces:
Name               Size   Autos  Total    Cost      Usage
BITCOMRAM           7E      0       0       0        0.0%
EEDATA             400      0       0       0        0.0%
NULL                 0      0       0       0        0.0%
CODE                 0      0       0       0        0.0%
COMRAM              7E     14      14       1       15.9%
STACK                0      0       0       2        0.0%
DATA                 0      0       0       3        0.0%
BITBANK0            80      0       0       4        0.0%
BANK0               80      0       0       5        0.0%
BITBANK1           100      0       0       6        0.0%
BANK1              100      0       0       7        0.0%
BITBANK2           100      0       0       8        0.0%
BANK2              100      0       0       9        0.0%
BITBANK3           100      0       0      10        0.0%
BANK3              100      0       0      11        0.0%
BITBANK4           100      0       0      12        0.0%
BANK4              100      0       0      13        0.0%
BITBANK5           100      0       0      14        0.0%
BANK5              100      0       0      15        0.0%
BITBANK6           100      0       0      16        0.0%
BANK6              100      0       0      17        0.0%
BITBANK7           100      0       0      18        0.0%
BANK7              100      0       0      19        0.0%
BITBANK8           100      0       0      20        0.0%
BANK8              100      0       0      21        0.0%
BITBANK9           100      0       0      22        0.0%
BANK9              100      0       0      23        0.0%
BITBANK10          100      0       0      24        0.0%
BANK10             100      0       0      25        0.0%
BITBANK11          100      0       0      26        0.0%
BANK11             100      0       0      27        0.0%
BITBANK12          100      0       0      28        0.0%
BANK12             100      0       0      29        0.0%
BITBANK13          100      0       0      30        0.0%
BANK13             100      0       0      31        0.0%
BITBANK14          100      0       0      32        0.0%
BANK14             100      0       0      33        0.0%
ABS                  0      0       0      34        0.0%
BITBANK15           80      0       0      35        0.0%
BANK15              80      0       0      36        0.0%
BIGRAM             F7F      0       0      37        0.0%
BITSFR               0      0       0     200        0.0%
SFR                  0      0       0     200        0.0%


Microchip Technology PIC18 Macro Assembler V1.40 build -251452761 
Symbol Table                                                                                   Sat Dec 31 00:56:52 2016

                          l17 00C4                   __CFG_BORV$3 000000                  __CFG_CP0$OFF 000000  
                __CFG_CP1$OFF 000000                  __CFG_CP2$OFF 000000                  __CFG_CP3$OFF 000000  
                 __CFG_OSC$HS 000000                   __CFG_WDT$ON 000000                  __CFG_CPB$OFF 000000  
                __CFG_CPD$OFF 000000             ?_Interrupthandler 0001            ??_Interrupthandler 0003  
           _TIMER1_StartTimer 00FA                  __CFG_LVP$OFF 000000            ?_TIMER1_StartTimer 0001  
                        _LATB 000F8A                          _TMR1 000FCE                          _main 00AA  
                        fsr0h 000FEA                          fsr1h 000FE2                          fsr2h 000FDA  
                        fsr0l 000FE9                          fsr1l 000FE1                          fsr2l 000FD9  
                        btemp 0015           ??_TIMER1_StartTimer 0011                          prodh 000FF4  
                        prodl 000FF3                          start 000E                 __CFG_IESO$OFF 000000  
               __CFG_MCLRE$ON 000000                  ___param_bank 000000                   ?_TIMER1_ISR 0001  
                       ?_main 0001                         _T1CON 000FCD     __end_of_TIMER1_StartTimer 00FE  
                       _TMR1H 000FCF                         _TMR1L 000FCE                         _TRISB 000F93  
               __CFG_PWRT$OFF 000000                 __CFG_WRT0$OFF 000000                 __CFG_WRT1$OFF 000000  
               __CFG_WRT2$OFF 000000                 __CFG_WRT3$OFF 000000                __CFG_EBTR0$OFF 000000  
              __CFG_FCMEN$OFF 000000                __CFG_EBTR1$OFF 000000                __CFG_EBTR2$OFF 000000  
              __CFG_EBTR3$OFF 000000                 __CFG_WRTB$OFF 000000                 __CFG_WRTC$OFF 000000  
               __CFG_WRTD$OFF 000000                __CFG_EBTRB$OFF 000000       TIMER1_ISR@CountCallBack 0001  
                       pclath 000FFA                         tablat 000FF5                         status 000FD8  
              __CFG_PBADEN$ON 000000    __end_of_TIMER1_initializer 00AA               __initialization 00F0  
                __end_of_main 00C6                    _InitSystem 00E2                        ??_main 0015  
               __activetblptr 000000           __size_of_TIMER1_ISR 001C                        _OSCCON 000FD3  
              __CFG_XINST$OFF 000000               _TIMER1_CallBack 00FE                __CFG_STVREN$ON 000000  
  __size_of_TIMER1_StartTimer 0004                        tblptrh 000FF7                        tblptrl 000FF6  
                      tblptru 000FF8  TIMER1_initializer@T1CONvalue 0014                    __accesstop 0080  
     __end_of__initialization 00F0  TIMER1_initializer@T1INTvalue 0013                 ___rparam_used 000001  
              __pcstackCOMRAM 0001                   ?_InitSystem 0001       __end_of_TIMER1_CallBack 0102  
   __size_of_Interrupthandler 0084                  ??_TIMER1_ISR 0001  TIMER1_initializer@TMR1Hvalue 0011  
TIMER1_initializer@TMR1Lvalue 0012           __size_of_InitSystem 000E            __end_of_TIMER1_ISR 00E2  
                     __Hparam 0000                       __Lparam 0000                       __pcinit 00F0  
                     __ramtop 1000                       __ptext0 00AA                       __ptext1 008C  
                     __ptext2 00FA                       __ptext3 00E2                       __ptext5 00C6  
                     __ptext6 00FE                     _T1CONbits 000FCD            _TIMER1_initializer 008C  
         ?_TIMER1_initializer 0011                __pintcode_body 0012          end_of_initialization 00F0  
                     int_func 0012              ?_TIMER1_CallBack 0001          ??_TIMER1_initializer 0014  
            _Interrupthandler 0008                  ??_InitSystem 0011           start_initialization 00F0  
          __end_of_InitSystem 00F0              __CFG_LPT1OSC$OFF 000000             __CFG_CCP2MX$PORTC 000000  
                   __pintcode 0008                      _LATBbits 000F8A                      _PIE1bits 000F9D  
                    _PIR1bits 000F9E              __CFG_WDTPS$32768 000000      __end_of_Interrupthandler 008C  
                    __Hrparam 0000                      __Lrparam 0000            __CFG_BOREN$SBORDIS 000000  
 __size_of_TIMER1_initializer 001E      __size_of_TIMER1_CallBack 0004                 __size_of_main 001C  
                    int$flags 0015                    _INTCONbits 000FF2                      intlevel2 0000  
                  _TIMER1_ISR 00C6             ??_TIMER1_CallBack 0001  
