

Microchip Technology PIC18 LITE Macro Assembler V1.40 build -251452761 
                                                                                               Sat Dec 31 00:38:55 2016

Microchip Technology Omniscient Code Generator v1.40 (Free mode) build 201612010151
     1                           	processor	18F4620
     2                           	fnconf	rparam,??,?,0
     3                           	opt	pw 120
     4                           	opt	lm
     5                           	psect	cinit,global,reloc=2,class=CODE,delta=1
     6                           	psect	cstackCOMRAM,global,class=COMRAM,space=1,delta=1,noexec
     7                           	psect	text0,global,reloc=2,class=CODE,delta=1
     8                           	psect	text1,global,reloc=2,class=CODE,delta=1
     9                           	psect	text2,global,reloc=2,class=CODE,delta=1
    10                           	psect	text3,global,reloc=2,class=CODE,delta=1
    11                           	psect	intcode,global,reloc=2,class=CODE,delta=1
    12                           	psect	intcode_body,global,reloc=2,class=CODE,delta=1
    13                           	psect	intsave_regs,global,class=BIGRAM,space=1,delta=1,noexec
    14                           	psect	rparam,global,class=COMRAM,space=1,delta=1,noexec
    15                           	psect	temp,global,ovrld,common,class=COMRAM,space=1,delta=1
    16  0000                     
    17                           ; Version 1.40
    18                           ; Generated 01/12/2016 GMT
    19                           ; 
    20                           ; Copyright © 2016, Microchip Technology Inc. and its subsidiaries ("Microchip")
    21                           ; All rights reserved.
    22                           ; 
    23                           ; This software is developed by Microchip Technology Inc. and its subsidiaries ("Microch
      +                          ip").
    24                           ; 
    25                           ; Redistribution and use in source and binary forms, with or without modification, are
    26                           ; permitted provided that the following conditions are met:
    27                           ; 
    28                           ;     1. Redistributions of source code must retain the above copyright notice, this lis
      +                          t of
    29                           ;        conditions and the following disclaimer.
    30                           ; 
    31                           ;     2. Redistributions in binary form must reproduce the above copyright notice, this 
      +                          list
    32                           ;        of conditions and the following disclaimer in the documentation and/or other
    33                           ;        materials provided with the distribution.
    34                           ; 
    35                           ;     3. Microchip's name may not be used to endorse or promote products derived from th
      +                          is
    36                           ;        software without specific prior written permission.
    37                           ; 
    38                           ; THIS SOFTWARE IS PROVIDED BY MICROCHIP "AS IS" AND ANY EXPRESS OR IMPLIED WARRANTIES,
    39                           ; INCLUDING, BUT NOT LIMITED TO, THE IMPLIED WARRANTIES OF MERCHANTABILITY AND FITNESS F
      +                          OR
    40                           ; PURPOSE ARE DISCLAIMED.  IN NO EVENT SHALL MICROCHIP BE LIABLE FOR ANY DIRECT, INDIREC
      +                          T,
    41                           ; INCIDENTAL, SPECIAL, EXEMPLARY, OR CONSEQUENTIAL DAMAGES (INCLUDING BUT NOT LIMITED TO
    42                           ; PROCUREMENT OF SUBSTITUTE GOODS OR SERVICES; LOSS OF USE, DATA OR PROFITS; OR BUSINESS
    43                           ; INTERRUPTION) HOWSOEVER CAUSED AND ON ANY THEORY OF LIABILITY, WHETHER IN CONTRACT, ST
      +                          RICT
    44                           ; LIABILITY, OR TORT (INCLUDING NEGLIGENCE OR OTHERWISE) ARISING IN ANY WAY OUT OF THE U
      +                          SE OF
    45                           ; THIS SOFTWARE, EVEN IF ADVISED OF THE POSSIBILITY OF SUCH DAMAGE.
    46                           ; 
    47                           ; 
    48                           ; Code-generator required, PIC18F4620 Definitions
    49                           ; 
    50                           ; SFR Addresses
    51  0000                     _ADCON0	set	4034
    52  0000                     _ADCON1	set	4033
    53  0000                     _INTCONbits	set	4082
    54  0000                     _LATBbits	set	3978
    55  0000                     _PIE1bits	set	3997
    56  0000                     _PIR1bits	set	3998
    57  0000                     _PORTB	set	3969
    58  0000                     _T1CONbits	set	4045
    59  0000                     _TMR1H	set	4047
    60  0000                     _TMR1L	set	4046
    61  0000                     _TRISB	set	3987
    62  0000                     _T1CKPS0	set	32364
    63  0000                     _T1CKPS1	set	32365
    64                           
    65                           ; #config settings
    66  0000                     
    67                           	psect	cinit
    68  0000CE                     __pcinit:
    69                           	opt stack 0
    70  0000CE                     start_initialization:
    71                           	opt stack 0
    72  0000CE                     __initialization:
    73                           	opt stack 0
    74  0000CE                     end_of_initialization:
    75                           	opt stack 0
    76  0000CE                     __end_of__initialization:
    77                           	opt stack 0
    78  0000CE  900F               	bcf	int$flags,0,c	;clear compiler interrupt flag (level 1)
    79  0000D0  920F               	bcf	int$flags,1,c	;clear compiler interrupt flag (level 2)
    80  0000D2  0100               	movlb	0
    81  0000D4  EF57  F000         	goto	_main	;jump to C main() function
    82                           
    83                           	psect	cstackCOMRAM
    84  000001                     __pcstackCOMRAM:
    85                           	opt stack 0
    86  000001                     ??_INTERRUPT_Interrupthandler:
    87  000001                     
    88                           ; 1 bytes @ 0x0
    89  000001                     	ds	14
    90  00000F                     
    91                           ; 1 bytes @ 0xE
    92 ;;
    93 ;;Main: autosize = 0, tempsize = 0, incstack = 0, save=0
    94 ;;
    95 ;; *************** function _main *****************
    96 ;; Defined at:
    97 ;;		line 46 in file "SRC/Lab4-Solution.c"
    98 ;; Parameters:    Size  Location     Type
    99 ;;		None
   100 ;; Auto vars:     Size  Location     Type
   101 ;;		None
   102 ;; Return value:  Size  Location     Type
   103 ;;                  1    wreg      void 
   104 ;; Registers used:
   105 ;;		wreg, status,2, cstack
   106 ;; Tracked objects:
   107 ;;		On entry : 0/0
   108 ;;		On exit  : 0/0
   109 ;;		Unchanged: 0/0
   110 ;; Data sizes:     COMRAM   BANK0   BANK1   BANK2   BANK3   BANK4   BANK5   BANK6   BANK7   BANK8   BANK9  BANK10  BANK1
      +1  BANK12  BANK13  BANK14  BANK15
   111 ;;      Params:         0       0       0       0       0       0       0       0       0       0       0       0       
      +0       0       0       0       0
   112 ;;      Locals:         0       0       0       0       0       0       0       0       0       0       0       0       
      +0       0       0       0       0
   113 ;;      Temps:          0       0       0       0       0       0       0       0       0       0       0       0       
      +0       0       0       0       0
   114 ;;      Totals:         0       0       0       0       0       0       0       0       0       0       0       0       
      +0       0       0       0       0
   115 ;;Total ram usage:        0 bytes
   116 ;; Hardware stack levels required when called:    2
   117 ;; This function calls:
   118 ;;		_InitSystem
   119 ;;		_Interrupt_initializer
   120 ;;		_TIMER1_initializer
   121 ;; This function is called by:
   122 ;;		Startup code after reset
   123 ;; This function uses a non-reentrant model
   124 ;;
   125                           
   126                           	psect	text0
   127  0000AE                     __ptext0:
   128                           	opt stack 0
   129  0000AE                     _main:
   130                           	opt stack 29
   131                           
   132                           ;Lab4-Solution.c: 48: InitSystem();
   133                           
   134                           ;incstack = 0
   135  0000AE  EC5F  F000         	call	_InitSystem	;wreg free
   136                           
   137                           ;Lab4-Solution.c: 49: TIMER1_initializer();
   138  0000B2  EC4E  F000         	call	_TIMER1_initializer	;wreg free
   139                           
   140                           ;Lab4-Solution.c: 50: Interrupt_initializer();
   141  0000B6  EC6C  F000         	call	_Interrupt_initializer	;wreg free
   142                           
   143                           ;Lab4-Solution.c: 51: T1CONbits.TMR1ON = 1;
   144  0000BA  80CD               	bsf	4045,0,c	;volatile
   145  0000BC                     l38:
   146  0000BC  D7FF               	goto	l38
   147  0000BE                     __end_of_main:
   148                           	opt stack 0
   149                           
   150 ;; *************** function _TIMER1_initializer *****************
   151 ;; Defined at:
   152 ;;		line 77 in file "SRC/Lab4-Solution.c"
   153 ;; Parameters:    Size  Location     Type
   154 ;;		None
   155 ;; Auto vars:     Size  Location     Type
   156 ;;		None
   157 ;; Return value:  Size  Location     Type
   158 ;;                  1    wreg      void 
   159 ;; Registers used:
   160 ;;		wreg, status,2
   161 ;; Tracked objects:
   162 ;;		On entry : 0/0
   163 ;;		On exit  : 0/0
   164 ;;		Unchanged: 0/0
   165 ;; Data sizes:     COMRAM   BANK0   BANK1   BANK2   BANK3   BANK4   BANK5   BANK6   BANK7   BANK8   BANK9  BANK10  BANK1
      +1  BANK12  BANK13  BANK14  BANK15
   166 ;;      Params:         0       0       0       0       0       0       0       0       0       0       0       0       
      +0       0       0       0       0
   167 ;;      Locals:         0       0       0       0       0       0       0       0       0       0       0       0       
      +0       0       0       0       0
   168 ;;      Temps:          0       0       0       0       0       0       0       0       0       0       0       0       
      +0       0       0       0       0
   169 ;;      Totals:         0       0       0       0       0       0       0       0       0       0       0       0       
      +0       0       0       0       0
   170 ;;Total ram usage:        0 bytes
   171 ;; Hardware stack levels used:    1
   172 ;; Hardware stack levels required when called:    1
   173 ;; This function calls:
   174 ;;		Nothing
   175 ;; This function is called by:
   176 ;;		_main
   177 ;; This function uses a non-reentrant model
   178 ;;
   179                           
   180                           	psect	text1
   181  00009C                     __ptext1:
   182                           	opt stack 0
   183  00009C                     _TIMER1_initializer:
   184                           	opt stack 29
   185                           
   186                           ;Lab4-Solution.c: 79: T1CONbits.TMR1ON = 0;
   187                           
   188                           ;incstack = 0
   189  00009C  90CD               	bcf	4045,0,c	;volatile
   190                           
   191                           ;Lab4-Solution.c: 80: TMR1H = 0x00;
   192  00009E  0E00               	movlw	0
   193  0000A0  6ECF               	movwf	4047,c	;volatile
   194                           
   195                           ;Lab4-Solution.c: 81: TMR1L = 0x00;
   196  0000A2  0E00               	movlw	0
   197  0000A4  6ECE               	movwf	4046,c	;volatile
   198                           
   199                           ;Lab4-Solution.c: 82: T1CONbits.TMR1CS = 0;
   200  0000A6  92CD               	bcf	4045,1,c	;volatile
   201                           
   202                           ;Lab4-Solution.c: 83: T1CKPS0 = 1;
   203  0000A8  88CD               	bsf	4045,4,c	;volatile
   204                           
   205                           ;Lab4-Solution.c: 84: T1CKPS1 = 1;
   206  0000AA  8ACD               	bsf	4045,5,c	;volatile
   207  0000AC  0012               	return		;funcret
   208  0000AE                     __end_of_TIMER1_initializer:
   209                           	opt stack 0
   210                           
   211 ;; *************** function _Interrupt_initializer *****************
   212 ;; Defined at:
   213 ;;		line 94 in file "SRC/Lab4-Solution.c"
   214 ;; Parameters:    Size  Location     Type
   215 ;;		None
   216 ;; Auto vars:     Size  Location     Type
   217 ;;		None
   218 ;; Return value:  Size  Location     Type
   219 ;;                  1    wreg      void 
   220 ;; Registers used:
   221 ;;		None
   222 ;; Tracked objects:
   223 ;;		On entry : 0/0
   224 ;;		On exit  : 0/0
   225 ;;		Unchanged: 0/0
   226 ;; Data sizes:     COMRAM   BANK0   BANK1   BANK2   BANK3   BANK4   BANK5   BANK6   BANK7   BANK8   BANK9  BANK10  BANK1
      +1  BANK12  BANK13  BANK14  BANK15
   227 ;;      Params:         0       0       0       0       0       0       0       0       0       0       0       0       
      +0       0       0       0       0
   228 ;;      Locals:         0       0       0       0       0       0       0       0       0       0       0       0       
      +0       0       0       0       0
   229 ;;      Temps:          0       0       0       0       0       0       0       0       0       0       0       0       
      +0       0       0       0       0
   230 ;;      Totals:         0       0       0       0       0       0       0       0       0       0       0       0       
      +0       0       0       0       0
   231 ;;Total ram usage:        0 bytes
   232 ;; Hardware stack levels used:    1
   233 ;; Hardware stack levels required when called:    1
   234 ;; This function calls:
   235 ;;		Nothing
   236 ;; This function is called by:
   237 ;;		_main
   238 ;; This function uses a non-reentrant model
   239 ;;
   240                           
   241                           	psect	text2
   242  0000D8                     __ptext2:
   243                           	opt stack 0
   244  0000D8                     _Interrupt_initializer:
   245                           	opt stack 29
   246                           
   247                           ;Lab4-Solution.c: 96: PIR1bits.TMR1IF = 0;
   248                           
   249                           ;incstack = 0
   250  0000D8  909E               	bcf	3998,0,c	;volatile
   251                           
   252                           ;Lab4-Solution.c: 97: PIE1bits.TMR1IE = 1;
   253  0000DA  809D               	bsf	3997,0,c	;volatile
   254                           
   255                           ;Lab4-Solution.c: 98: INTCONbits.PEIE = 1;
   256  0000DC  8CF2               	bsf	intcon,6,c	;volatile
   257                           
   258                           ;Lab4-Solution.c: 99: INTCONbits.GIE = 1;
   259  0000DE  8EF2               	bsf	intcon,7,c	;volatile
   260  0000E0  0012               	return		;funcret
   261  0000E2                     __end_of_Interrupt_initializer:
   262                           	opt stack 0
   263                           intcon	equ	0xFF2
   264                           
   265 ;; *************** function _InitSystem *****************
   266 ;; Defined at:
   267 ;;		line 62 in file "SRC/Lab4-Solution.c"
   268 ;; Parameters:    Size  Location     Type
   269 ;;		None
   270 ;; Auto vars:     Size  Location     Type
   271 ;;		None
   272 ;; Return value:  Size  Location     Type
   273 ;;                  1    wreg      void 
   274 ;; Registers used:
   275 ;;		wreg, status,2
   276 ;; Tracked objects:
   277 ;;		On entry : 0/0
   278 ;;		On exit  : 0/0
   279 ;;		Unchanged: 0/0
   280 ;; Data sizes:     COMRAM   BANK0   BANK1   BANK2   BANK3   BANK4   BANK5   BANK6   BANK7   BANK8   BANK9  BANK10  BANK1
      +1  BANK12  BANK13  BANK14  BANK15
   281 ;;      Params:         0       0       0       0       0       0       0       0       0       0       0       0       
      +0       0       0       0       0
   282 ;;      Locals:         0       0       0       0       0       0       0       0       0       0       0       0       
      +0       0       0       0       0
   283 ;;      Temps:          0       0       0       0       0       0       0       0       0       0       0       0       
      +0       0       0       0       0
   284 ;;      Totals:         0       0       0       0       0       0       0       0       0       0       0       0       
      +0       0       0       0       0
   285 ;;Total ram usage:        0 bytes
   286 ;; Hardware stack levels used:    1
   287 ;; Hardware stack levels required when called:    1
   288 ;; This function calls:
   289 ;;		Nothing
   290 ;; This function is called by:
   291 ;;		_main
   292 ;; This function uses a non-reentrant model
   293 ;;
   294                           
   295                           	psect	text3
   296  0000BE                     __ptext3:
   297                           	opt stack 0
   298  0000BE                     _InitSystem:
   299                           	opt stack 29
   300                           
   301                           ;Lab4-Solution.c: 64: PORTB = 0X00;
   302                           
   303                           ;incstack = 0
   304  0000BE  0E00               	movlw	0
   305  0000C0  6E81               	movwf	3969,c	;volatile
   306                           
   307                           ;Lab4-Solution.c: 65: TRISB = 0XF0;
   308  0000C2  0EF0               	movlw	240
   309  0000C4  6E93               	movwf	3987,c	;volatile
   310                           
   311                           ;Lab4-Solution.c: 66: ADCON0 = 0x00;
   312  0000C6  0E00               	movlw	0
   313  0000C8  6EC2               	movwf	4034,c	;volatile
   314                           
   315                           ;Lab4-Solution.c: 67: ADCON1 = 0xFF;
   316  0000CA  68C1               	setf	4033,c	;volatile
   317  0000CC  0012               	return		;funcret
   318  0000CE                     __end_of_InitSystem:
   319                           	opt stack 0
   320                           intcon	equ	0xFF2
   321                           
   322 ;; *************** function _INTERRUPT_Interrupthandler *****************
   323 ;; Defined at:
   324 ;;		line 29 in file "SRC/Lab4-Solution.c"
   325 ;; Parameters:    Size  Location     Type
   326 ;;		None
   327 ;; Auto vars:     Size  Location     Type
   328 ;;		None
   329 ;; Return value:  Size  Location     Type
   330 ;;                  1    wreg      void 
   331 ;; Registers used:
   332 ;;		wreg, status,2
   333 ;; Tracked objects:
   334 ;;		On entry : 0/0
   335 ;;		On exit  : 0/0
   336 ;;		Unchanged: 0/0
   337 ;; Data sizes:     COMRAM   BANK0   BANK1   BANK2   BANK3   BANK4   BANK5   BANK6   BANK7   BANK8   BANK9  BANK10  BANK1
      +1  BANK12  BANK13  BANK14  BANK15
   338 ;;      Params:         0       0       0       0       0       0       0       0       0       0       0       0       
      +0       0       0       0       0
   339 ;;      Locals:         0       0       0       0       0       0       0       0       0       0       0       0       
      +0       0       0       0       0
   340 ;;      Temps:         14       0       0       0       0       0       0       0       0       0       0       0       
      +0       0       0       0       0
   341 ;;      Totals:        14       0       0       0       0       0       0       0       0       0       0       0       
      +0       0       0       0       0
   342 ;;Total ram usage:       14 bytes
   343 ;; Hardware stack levels used:    1
   344 ;; This function calls:
   345 ;;		Nothing
   346 ;; This function is called by:
   347 ;;		Interrupt level 2
   348 ;; This function uses a non-reentrant model
   349 ;;
   350                           
   351                           	psect	intcode
   352  000008                     __pintcode:
   353                           	opt stack 0
   354  000008                     _INTERRUPT_Interrupthandler:
   355                           	opt stack 29
   356                           
   357                           ;incstack = 0
   358  000008  820F               	bsf	btemp,1,c	;set compiler interrupt flag (level 2)
   359  00000A  ED09  F000         	call	int_func,f	;refresh shadow registers
   360                           intcon	equ	0xFF2
   361                           
   362                           	psect	intcode_body
   363  000012                     __pintcode_body:
   364                           	opt stack 29
   365  000012                     int_func:
   366                           	opt stack 29
   367  000012  0006               	pop		; remove dummy address from shadow register refresh
   368  000014  CFFA F001          	movff	pclath,??_INTERRUPT_Interrupthandler
   369  000018  CFFB F002          	movff	pclatu,??_INTERRUPT_Interrupthandler+1
   370  00001C  CFE9 F003          	movff	fsr0l,??_INTERRUPT_Interrupthandler+2
   371  000020  CFEA F004          	movff	fsr0h,??_INTERRUPT_Interrupthandler+3
   372  000024  CFE1 F005          	movff	fsr1l,??_INTERRUPT_Interrupthandler+4
   373  000028  CFE2 F006          	movff	fsr1h,??_INTERRUPT_Interrupthandler+5
   374  00002C  CFD9 F007          	movff	fsr2l,??_INTERRUPT_Interrupthandler+6
   375  000030  CFDA F008          	movff	fsr2h,??_INTERRUPT_Interrupthandler+7
   376  000034  CFF3 F009          	movff	prodl,??_INTERRUPT_Interrupthandler+8
   377  000038  CFF4 F00A          	movff	prodh,??_INTERRUPT_Interrupthandler+9
   378  00003C  CFF6 F00B          	movff	tblptrl,??_INTERRUPT_Interrupthandler+10
   379  000040  CFF7 F00C          	movff	tblptrh,??_INTERRUPT_Interrupthandler+11
   380  000044  CFF8 F00D          	movff	tblptru,??_INTERRUPT_Interrupthandler+12
   381  000048  CFF5 F00E          	movff	tablat,??_INTERRUPT_Interrupthandler+13
   382                           
   383                           ;Lab4-Solution.c: 31: PIR1bits.TMR1IF = 0;
   384  00004C  909E               	bcf	3998,0,c	;volatile
   385                           
   386                           ;Lab4-Solution.c: 32: TMR1H = 0X3C;
   387  00004E  0E3C               	movlw	60
   388  000050  6ECF               	movwf	4047,c	;volatile
   389                           
   390                           ;Lab4-Solution.c: 34: TMR1L = 0XB0;
   391  000052  0EB0               	movlw	176
   392  000054  6ECE               	movwf	4046,c	;volatile
   393                           
   394                           ;Lab4-Solution.c: 35: LATBbits.LATB0 = LATBbits.LATB0 ^ 1;
   395  000056  B08A               	btfsc	3978,0,c	;volatile
   396  000058  D002               	goto	i2u1_40
   397  00005A  808A               	bsf	3978,0,c	;volatile
   398  00005C  D001               	goto	i2l35
   399  00005E                     i2u1_40:
   400  00005E  908A               	bcf	3978,0,c	;volatile
   401  000060                     i2l35:
   402  000060  C00E  FFF5         	movff	??_INTERRUPT_Interrupthandler+13,tablat
   403  000064  C00D  FFF8         	movff	??_INTERRUPT_Interrupthandler+12,tblptru
   404  000068  C00C  FFF7         	movff	??_INTERRUPT_Interrupthandler+11,tblptrh
   405  00006C  C00B  FFF6         	movff	??_INTERRUPT_Interrupthandler+10,tblptrl
   406  000070  C00A  FFF4         	movff	??_INTERRUPT_Interrupthandler+9,prodh
   407  000074  C009  FFF3         	movff	??_INTERRUPT_Interrupthandler+8,prodl
   408  000078  C008  FFDA         	movff	??_INTERRUPT_Interrupthandler+7,fsr2h
   409  00007C  C007  FFD9         	movff	??_INTERRUPT_Interrupthandler+6,fsr2l
   410  000080  C006  FFE2         	movff	??_INTERRUPT_Interrupthandler+5,fsr1h
   411  000084  C005  FFE1         	movff	??_INTERRUPT_Interrupthandler+4,fsr1l
   412  000088  C004  FFEA         	movff	??_INTERRUPT_Interrupthandler+3,fsr0h
   413  00008C  C003  FFE9         	movff	??_INTERRUPT_Interrupthandler+2,fsr0l
   414  000090  C002  FFFB         	movff	??_INTERRUPT_Interrupthandler+1,pclatu
   415  000094  C001  FFFA         	movff	??_INTERRUPT_Interrupthandler,pclath
   416  000098  920F               	bcf	btemp,1,c	;clear compiler interrupt flag (level 2)
   417  00009A  0011               	retfie		f
   418  00009C                     __end_of_INTERRUPT_Interrupthandler:
   419                           	opt stack 0
   420  0000                     pclatu	equ	0xFFB
   421                           pclath	equ	0xFFA
   422                           tblptru	equ	0xFF8
   423                           tblptrh	equ	0xFF7
   424                           tblptrl	equ	0xFF6
   425                           tablat	equ	0xFF5
   426                           prodh	equ	0xFF4
   427                           prodl	equ	0xFF3
   428                           intcon	equ	0xFF2
   429                           fsr0h	equ	0xFEA
   430                           fsr0l	equ	0xFE9
   431                           fsr1h	equ	0xFE2
   432                           fsr1l	equ	0xFE1
   433                           fsr2h	equ	0xFDA
   434                           fsr2l	equ	0xFD9
   435                           pclatu	equ	0xFFB
   436                           pclath	equ	0xFFA
   437                           tblptru	equ	0xFF8
   438                           tblptrh	equ	0xFF7
   439                           tblptrl	equ	0xFF6
   440                           tablat	equ	0xFF5
   441                           prodh	equ	0xFF4
   442                           prodl	equ	0xFF3
   443                           intcon	equ	0xFF2
   444                           fsr0h	equ	0xFEA
   445                           fsr0l	equ	0xFE9
   446                           fsr1h	equ	0xFE2
   447                           fsr1l	equ	0xFE1
   448                           fsr2h	equ	0xFDA
   449                           fsr2l	equ	0xFD9
   450                           
   451                           	psect	rparam
   452  0000                     pclatu	equ	0xFFB
   453                           pclath	equ	0xFFA
   454                           tblptru	equ	0xFF8
   455                           tblptrh	equ	0xFF7
   456                           tblptrl	equ	0xFF6
   457                           tablat	equ	0xFF5
   458                           prodh	equ	0xFF4
   459                           prodl	equ	0xFF3
   460                           intcon	equ	0xFF2
   461                           fsr0h	equ	0xFEA
   462                           fsr0l	equ	0xFE9
   463                           fsr1h	equ	0xFE2
   464                           fsr1l	equ	0xFE1
   465                           fsr2h	equ	0xFDA
   466                           fsr2l	equ	0xFD9
   467                           
   468                           	psect	temp
   469  00000F                     btemp:
   470                           	opt stack 0
   471  00000F                     	ds	1
   472  0000                     int$flags	set	btemp
   473                           pclatu	equ	0xFFB
   474                           pclath	equ	0xFFA
   475                           tblptru	equ	0xFF8
   476                           tblptrh	equ	0xFF7
   477                           tblptrl	equ	0xFF6
   478                           tablat	equ	0xFF5
   479                           prodh	equ	0xFF4
   480                           prodl	equ	0xFF3
   481                           intcon	equ	0xFF2
   482                           fsr0h	equ	0xFEA
   483                           fsr0l	equ	0xFE9
   484                           fsr1h	equ	0xFE2
   485                           fsr1l	equ	0xFE1
   486                           fsr2h	equ	0xFDA
   487                           fsr2l	equ	0xFD9


Data Sizes:
    Strings     0
    Constant    0
    Data        0
    BSS         0
    Persistent  0
    Stack       0

Auto Spaces:
    Space          Size  Autos    Used
    COMRAM          126     14      14
    BANK0           128      0       0
    BANK1           256      0       0
    BANK2           256      0       0
    BANK3           256      0       0
    BANK4           256      0       0
    BANK5           256      0       0
    BANK6           256      0       0
    BANK7           256      0       0
    BANK8           256      0       0
    BANK9           256      0       0
    BANK10          256      0       0
    BANK11          256      0       0
    BANK12          256      0       0
    BANK13          256      0       0
    BANK14          256      0       0
    BANK15          128      0       0

Pointer List with Targets:

    None.

Critical Paths under _main in COMRAM

    None.

Critical Paths under _INTERRUPT_Interrupthandler in COMRAM

    None.

Critical Paths under _main in BANK0

    None.

Critical Paths under _INTERRUPT_Interrupthandler in BANK0

    None.

Critical Paths under _main in BANK1

    None.

Critical Paths under _INTERRUPT_Interrupthandler in BANK1

    None.

Critical Paths under _main in BANK2

    None.

Critical Paths under _INTERRUPT_Interrupthandler in BANK2

    None.

Critical Paths under _main in BANK3

    None.

Critical Paths under _INTERRUPT_Interrupthandler in BANK3

    None.

Critical Paths under _main in BANK4

    None.

Critical Paths under _INTERRUPT_Interrupthandler in BANK4

    None.

Critical Paths under _main in BANK5

    None.

Critical Paths under _INTERRUPT_Interrupthandler in BANK5

    None.

Critical Paths under _main in BANK6

    None.

Critical Paths under _INTERRUPT_Interrupthandler in BANK6

    None.

Critical Paths under _main in BANK7

    None.

Critical Paths under _INTERRUPT_Interrupthandler in BANK7

    None.

Critical Paths under _main in BANK8

    None.

Critical Paths under _INTERRUPT_Interrupthandler in BANK8

    None.

Critical Paths under _main in BANK9

    None.

Critical Paths under _INTERRUPT_Interrupthandler in BANK9

    None.

Critical Paths under _main in BANK10

    None.

Critical Paths under _INTERRUPT_Interrupthandler in BANK10

    None.

Critical Paths under _main in BANK11

    None.

Critical Paths under _INTERRUPT_Interrupthandler in BANK11

    None.

Critical Paths under _main in BANK12

    None.

Critical Paths under _INTERRUPT_Interrupthandler in BANK12

    None.

Critical Paths under _main in BANK13

    None.

Critical Paths under _INTERRUPT_Interrupthandler in BANK13

    None.

Critical Paths under _main in BANK14

    None.

Critical Paths under _INTERRUPT_Interrupthandler in BANK14

    None.

Critical Paths under _main in BANK15

    None.

Critical Paths under _INTERRUPT_Interrupthandler in BANK15

    None.

Call Graph Tables:

 ---------------------------------------------------------------------------------
 (Depth) Function   	        Calls       Base Space   Used Autos Params    Refs
 ---------------------------------------------------------------------------------
 (0) _main                                                 0     0      0       0
                         _InitSystem
              _Interrupt_initializer
                 _TIMER1_initializer
 ---------------------------------------------------------------------------------
 (1) _TIMER1_initializer                                   0     0      0       0
 ---------------------------------------------------------------------------------
 (1) _Interrupt_initializer                                0     0      0       0
 ---------------------------------------------------------------------------------
 (1) _InitSystem                                           0     0      0       0
 ---------------------------------------------------------------------------------
 Estimated maximum stack depth 1
 ---------------------------------------------------------------------------------
 (Depth) Function   	        Calls       Base Space   Used Autos Params    Refs
 ---------------------------------------------------------------------------------
 (2) _INTERRUPT_Interrupthandler                          14    14      0       0
                                              0 COMRAM    14    14      0
 ---------------------------------------------------------------------------------
 Estimated maximum stack depth 2
 ---------------------------------------------------------------------------------

 Call Graph Graphs:

 _main (ROOT)
   _InitSystem
   _Interrupt_initializer
   _TIMER1_initializer

 _INTERRUPT_Interrupthandler (ROOT)

 Address spaces:
Name               Size   Autos  Total    Cost      Usage
BITCOMRAM           7E      0       0       0        0.0%
EEDATA             400      0       0       0        0.0%
NULL                 0      0       0       0        0.0%
CODE                 0      0       0       0        0.0%
COMRAM              7E      E       E       1       11.1%
STACK                0      0       0       2        0.0%
DATA                 0      0       0       3        0.0%
BITBANK0            80      0       0       4        0.0%
BANK0               80      0       0       5        0.0%
BITBANK1           100      0       0       6        0.0%
BANK1              100      0       0       7        0.0%
BITBANK2           100      0       0       8        0.0%
BANK2              100      0       0       9        0.0%
BITBANK3           100      0       0      10        0.0%
BANK3              100      0       0      11        0.0%
BITBANK4           100      0       0      12        0.0%
BANK4              100      0       0      13        0.0%
BITBANK5           100      0       0      14        0.0%
BANK5              100      0       0      15        0.0%
BITBANK6           100      0       0      16        0.0%
BANK6              100      0       0      17        0.0%
BITBANK7           100      0       0      18        0.0%
BANK7              100      0       0      19        0.0%
BITBANK8           100      0       0      20        0.0%
BANK8              100      0       0      21        0.0%
BITBANK9           100      0       0      22        0.0%
BANK9              100      0       0      23        0.0%
BITBANK10          100      0       0      24        0.0%
BANK10             100      0       0      25        0.0%
BITBANK11          100      0       0      26        0.0%
BANK11             100      0       0      27        0.0%
BITBANK12          100      0       0      28        0.0%
BANK12             100      0       0      29        0.0%
BITBANK13          100      0       0      30        0.0%
BANK13             100      0       0      31        0.0%
BITBANK14          100      0       0      32        0.0%
BANK14             100      0       0      33        0.0%
ABS                  0      0       0      34        0.0%
BITBANK15           80      0       0      35        0.0%
BANK15              80      0       0      36        0.0%
BIGRAM             F7F      0       0      37        0.0%
BITSFR               0      0       0     200        0.0%
SFR                  0      0       0     200        0.0%


Microchip Technology PIC18 Macro Assembler V1.40 build -251452761 
Symbol Table                                                                                   Sat Dec 31 00:38:55 2016

                                 l38 00BC                          __CFG_BORV$3 000000  
                       __CFG_CP0$OFF 000000                         __CFG_CP1$OFF 000000  
                       __CFG_CP2$OFF 000000                         __CFG_CP3$OFF 000000  
                        __CFG_OSC$HS 000000                          __CFG_WDT$ON 000000  
                       __CFG_CPB$OFF 000000                         __CFG_CPD$OFF 000000  
                       __CFG_LVP$OFF 000000                                 i2l35 0060  
                               _main 00AE                                 fsr0h 000FEA  
                               fsr1h 000FE2                                 fsr2h 000FDA  
                               fsr0l 000FE9                                 fsr1l 000FE1  
                               fsr2l 000FD9                                 btemp 000F  
                               prodh 000FF4                                 prodl 000FF3  
                               start 000E                        __CFG_IESO$OFF 000000  
                      __CFG_MCLRE$ON 000000                         ___param_bank 000000  
                              ?_main 0001                                _TMR1H 000FCF  
                              _TMR1L 000FCE                                _PORTB 000F81  
                              _TRISB 000F93                        __CFG_PWRT$OFF 000000  
                      __CFG_WRT0$OFF 000000                        __CFG_WRT1$OFF 000000  
                      __CFG_WRT2$OFF 000000                        __CFG_WRT3$OFF 000000  
                     __CFG_EBTR0$OFF 000000                       __CFG_FCMEN$OFF 000000  
                     __CFG_EBTR1$OFF 000000                       __CFG_EBTR2$OFF 000000  
                     __CFG_EBTR3$OFF 000000                        __CFG_WRTB$OFF 000000  
                      __CFG_WRTC$OFF 000000                        __CFG_WRTD$OFF 000000  
                     __CFG_EBTRB$OFF 000000                                pclath 000FFA  
                              tablat 000FF5                       __CFG_PBADEN$ON 000000  
         __end_of_TIMER1_initializer 00AE                      __initialization 00CE  
                       __end_of_main 00BE       __size_of_Interrupt_initializer 000A  
      __end_of_Interrupt_initializer 00E2                           _InitSystem 00BE  
                             ??_main 000F                        __activetblptr 000000  
                             _ADCON0 000FC2                               _ADCON1 000FC1  
        ?_INTERRUPT_Interrupthandler 0001                               i2u1_40 005E  
                     __CFG_XINST$OFF 000000                       __CFG_STVREN$ON 000000  
                             tblptrh 000FF7                               tblptrl 000FF6  
                             tblptru 000FF8                           __accesstop 0080  
            __end_of__initialization 00CE                        ___rparam_used 000001  
                     __pcstackCOMRAM 0001                          ?_InitSystem 0001  
                            _T1CKPS0 007E6C                              _T1CKPS1 007E6D  
                __size_of_InitSystem 0010                              __Hparam 0000  
                            __Lparam 0000                              __pcinit 00CE  
                            __ramtop 1000                              __ptext0 00AE  
                            __ptext1 009C                              __ptext2 00D8  
                            __ptext3 00BE                            _T1CONbits 000FCD  
                 _TIMER1_initializer 009C                  ?_TIMER1_initializer 0001  
                     __pintcode_body 0012                 end_of_initialization 00CE  
                            int_func 0012                 ??_TIMER1_initializer 000F  
              _Interrupt_initializer 00D8                         ??_InitSystem 000F  
                start_initialization 00CE                   __end_of_InitSystem 00CE  
             ?_Interrupt_initializer 0001                     __CFG_LPT1OSC$OFF 000000  
                  __CFG_CCP2MX$PORTC 000000                            __pintcode 0008  
       ??_INTERRUPT_Interrupthandler 0001                             _LATBbits 000F8A  
                           _PIE1bits 000F9D                             _PIR1bits 000F9E  
                   __CFG_WDTPS$32768 000000  __size_of_INTERRUPT_Interrupthandler 0094  
                           __Hrparam 0000                             __Lrparam 0000  
                 __CFG_BOREN$SBORDIS 000000          __size_of_TIMER1_initializer 0012  
                      __size_of_main 0010              ??_Interrupt_initializer 000F  
                           int$flags 000F                           _INTCONbits 000FF2  
 __end_of_INTERRUPT_Interrupthandler 009C           _INTERRUPT_Interrupthandler 0008  
                           intlevel2 0000  
